2018-12-26 12:03:16.203  INFO 9488 --- [main] c.c.springboot.azure.AzureApplication    : Starting AzureApplication on cp1649 with PID 9488 (C:\Compart\projects\github\azure\target\classes started by tch in C:\Compart\projects\github\azure)
2018-12-26 12:03:16.203  INFO 9488 --- [main] c.c.springboot.azure.AzureApplication    : No active profile set, falling back to default profiles: default
2018-12-26 12:03:17.226  INFO 9488 --- [main] .s.d.r.c.RepositoryConfigurationDelegate : Bootstrapping Spring Data repositories in DEFAULT mode.
2018-12-26 12:03:17.304  INFO 9488 --- [main] .s.d.r.c.RepositoryConfigurationDelegate : Finished Spring Data repository scanning in 63ms. Found 1 repository interfaces.
2018-12-26 12:03:17.694  INFO 9488 --- [main] trationDelegate$BeanPostProcessorChecker : Bean 'org.springframework.transaction.annotation.ProxyTransactionManagementConfiguration' of type [org.springframework.transaction.annotation.ProxyTransactionManagementConfiguration$$EnhancerBySpringCGLIB$$18b51de6] is not eligible for getting processed by all BeanPostProcessors (for example: not eligible for auto-proxying)
2018-12-26 12:03:18.254  INFO 9488 --- [main] o.s.b.w.embedded.tomcat.TomcatWebServer  : Tomcat initialized with port(s): 8080 (http)
2018-12-26 12:03:18.285  INFO 9488 --- [main] o.apache.catalina.core.StandardService   : Starting service [Tomcat]
2018-12-26 12:03:18.285  INFO 9488 --- [main] org.apache.catalina.core.StandardEngine  : Starting Servlet Engine: Apache Tomcat/9.0.13
2018-12-26 12:03:18.301  INFO 9488 --- [main] o.a.catalina.core.AprLifecycleListener   : The APR based Apache Tomcat Native library which allows optimal performance in production environments was not found on the java.library.path: [C:\Program Files\Java\jdk-11.0.1\bin;C:\windows\Sun\Java\bin;C:\windows\system32;C:\windows;C:\ProgramData\DockerDesktop\version-bin;C:\Program Files\Docker\Docker\Resources\bin;C:\windows\system32;C:\windows;C:\windows\System32\Wbem;C:\windows\System32\WindowsPowerShell\v1.0\;C:\Program Files\OpenVPN\bin;C:\Program Files\Microsoft SQL Server\110\Tools\Binn\;C:\Program Files\Intel\WiFi\bin\;C:\Program Files\Common Files\Intel\WirelessCommon\;C:\Users\tch\AppData\Local\apache-maven-3.6.0\bin;C:\ProgramData\chocolatey\bin;C:\Program Files\Git\cmd;C:\Program Files\Java\jdk-11.0.1\bin;C:\Program Files (x86)\vim\vim80;C:\Program Files\nodejs\;C:\Users\tch\AppData\Local\Microsoft\WindowsApps;C:\Users\tch\AppData\Roaming\npm;.]
2018-12-26 12:03:18.457  INFO 9488 --- [main] o.a.c.c.C.[Tomcat].[localhost].[/]       : Initializing Spring embedded WebApplicationContext
2018-12-26 12:03:18.457  INFO 9488 --- [main] o.s.web.context.ContextLoader            : Root WebApplicationContext: initialization completed in 2192 ms
2018-12-26 12:03:18.948  INFO 9488 --- [main] com.zaxxer.hikari.HikariDataSource       : HikariPool-1 - Starting...
2018-12-26 12:03:19.135  INFO 9488 --- [main] com.zaxxer.hikari.HikariDataSource       : HikariPool-1 - Start completed.
2018-12-26 12:03:19.198  INFO 9488 --- [main] o.hibernate.jpa.internal.util.LogHelper  : HHH000204: Processing PersistenceUnitInfo [
	name: default
	...]
2018-12-26 12:03:19.260  INFO 9488 --- [main] org.hibernate.Version                    : HHH000412: Hibernate Core {5.3.7.Final}
2018-12-26 12:03:19.260  INFO 9488 --- [main] org.hibernate.cfg.Environment            : HHH000206: hibernate.properties not found
2018-12-26 12:03:19.401  INFO 9488 --- [main] o.hibernate.annotations.common.Version   : HCANN000001: Hibernate Commons Annotations {5.0.4.Final}
2018-12-26 12:03:19.557  INFO 9488 --- [main] org.hibernate.dialect.Dialect            : HHH000400: Using dialect: org.hibernate.dialect.H2Dialect
2018-12-26 12:03:20.222  INFO 9488 --- [main] o.h.t.schema.internal.SchemaCreatorImpl  : HHH000476: Executing import script 'org.hibernate.tool.schema.internal.exec.ScriptSourceInputNonExistentImpl@1fd0ae78'
2018-12-26 12:03:20.237  INFO 9488 --- [main] j.LocalContainerEntityManagerFactoryBean : Initialized JPA EntityManagerFactory for persistence unit 'default'
2018-12-26 12:03:20.659  INFO 9488 --- [main] o.s.s.concurrent.ThreadPoolTaskExecutor  : Initializing ExecutorService 'applicationTaskExecutor'
2018-12-26 12:03:20.706  WARN 9488 --- [main] aWebConfiguration$JpaWebMvcConfiguration : spring.jpa.open-in-view is enabled by default. Therefore, database queries may be performed during view rendering. Explicitly configure spring.jpa.open-in-view to disable this warning
2018-12-26 12:03:20.972  INFO 9488 --- [main] o.s.b.a.e.web.EndpointLinksResolver      : Exposing 2 endpoint(s) beneath base path '/actuator'
2018-12-26 12:03:21.051  INFO 9488 --- [main] o.s.b.w.embedded.tomcat.TomcatWebServer  : Tomcat started on port(s): 8080 (http) with context path ''
2018-12-26 12:03:21.051  INFO 9488 --- [main] c.c.springboot.azure.AzureApplication    : Started AzureApplication in 5.293 seconds (JVM running for 5.806)
2018-12-26 12:03:28.783  INFO 9488 --- [http-nio-0.0.0.0-8080-exec-2] o.a.c.c.C.[Tomcat].[localhost].[/]       : Initializing Spring DispatcherServlet 'dispatcherServlet'
2018-12-26 12:03:28.785  INFO 9488 --- [http-nio-0.0.0.0-8080-exec-2] o.s.web.servlet.DispatcherServlet        : Initializing Servlet 'dispatcherServlet'
2018-12-26 12:03:28.796  INFO 9488 --- [http-nio-0.0.0.0-8080-exec-2] o.s.web.servlet.DispatcherServlet        : Completed initialization in 11 ms
2018-12-26 12:05:27.175  INFO 10264 --- [main] c.c.s.azure.AzureApplicationTests        : Starting AzureApplicationTests on cp1649 with PID 10264 (started by tch in C:\Compart\projects\github\azure)
2018-12-26 12:05:27.175  INFO 10264 --- [main] c.c.s.azure.AzureApplicationTests        : No active profile set, falling back to default profiles: default
2018-12-26 12:05:28.064  INFO 10264 --- [main] .s.d.r.c.RepositoryConfigurationDelegate : Bootstrapping Spring Data repositories in DEFAULT mode.
2018-12-26 12:05:28.111  INFO 10264 --- [main] .s.d.r.c.RepositoryConfigurationDelegate : Finished Spring Data repository scanning in 31ms. Found 1 repository interfaces.
2018-12-26 12:05:28.564  INFO 10264 --- [main] trationDelegate$BeanPostProcessorChecker : Bean 'org.springframework.transaction.annotation.ProxyTransactionManagementConfiguration' of type [org.springframework.transaction.annotation.ProxyTransactionManagementConfiguration$$EnhancerBySpringCGLIB$$10958d81] is not eligible for getting processed by all BeanPostProcessors (for example: not eligible for auto-proxying)
2018-12-26 12:05:28.798  INFO 10264 --- [main] com.zaxxer.hikari.HikariDataSource       : HikariPool-1 - Starting...
2018-12-26 12:05:28.960  INFO 10264 --- [main] com.zaxxer.hikari.HikariDataSource       : HikariPool-1 - Start completed.
2018-12-26 12:05:29.038  INFO 10264 --- [main] o.hibernate.jpa.internal.util.LogHelper  : HHH000204: Processing PersistenceUnitInfo [
	name: default
	...]
2018-12-26 12:05:29.101  INFO 10264 --- [main] org.hibernate.Version                    : HHH000412: Hibernate Core {5.3.7.Final}
2018-12-26 12:05:29.101  INFO 10264 --- [main] org.hibernate.cfg.Environment            : HHH000206: hibernate.properties not found
2018-12-26 12:05:29.273  INFO 10264 --- [main] o.hibernate.annotations.common.Version   : HCANN000001: Hibernate Commons Annotations {5.0.4.Final}
2018-12-26 12:05:29.648  INFO 10264 --- [main] org.hibernate.dialect.Dialect            : HHH000400: Using dialect: org.hibernate.dialect.H2Dialect
2018-12-26 12:05:30.159  INFO 10264 --- [main] o.h.t.schema.internal.SchemaCreatorImpl  : HHH000476: Executing import script 'org.hibernate.tool.schema.internal.exec.ScriptSourceInputNonExistentImpl@76f9e000'
2018-12-26 12:05:30.159  INFO 10264 --- [main] j.LocalContainerEntityManagerFactoryBean : Initialized JPA EntityManagerFactory for persistence unit 'default'
2018-12-26 12:05:31.133  INFO 10264 --- [main] o.s.s.concurrent.ThreadPoolTaskExecutor  : Initializing ExecutorService 'applicationTaskExecutor'
2018-12-26 12:05:31.180  WARN 10264 --- [main] aWebConfiguration$JpaWebMvcConfiguration : spring.jpa.open-in-view is enabled by default. Therefore, database queries may be performed during view rendering. Explicitly configure spring.jpa.open-in-view to disable this warning
2018-12-26 12:05:31.930  INFO 10264 --- [main] o.s.b.a.e.web.EndpointLinksResolver      : Exposing 2 endpoint(s) beneath base path '/actuator'
2018-12-26 12:05:31.993  INFO 10264 --- [main] c.c.s.azure.AzureApplicationTests        : Started AzureApplicationTests in 5.191 seconds (JVM running for 5.927)
2018-12-26 12:05:32.165  INFO 10264 --- [Thread-4] o.s.s.concurrent.ThreadPoolTaskExecutor  : Shutting down ExecutorService 'applicationTaskExecutor'
2018-12-26 12:05:32.165  INFO 10264 --- [Thread-4] j.LocalContainerEntityManagerFactoryBean : Closing JPA EntityManagerFactory for persistence unit 'default'
2018-12-26 12:05:32.165  INFO 10264 --- [Thread-4] com.zaxxer.hikari.HikariDataSource       : HikariPool-1 - Shutdown initiated...
2018-12-26 12:05:32.180  INFO 10264 --- [Thread-4] com.zaxxer.hikari.HikariDataSource       : HikariPool-1 - Shutdown completed.
